{
 "cells": [
  {
   "cell_type": "markdown",
   "metadata": {},
   "source": [
    "## Explain\n",
    "\n",
    "```SQL\n",
    "CREATE TABLE temp (id serial, name text);\n",
    "INSERT INTO temp (name) SELECT 'hans' FROM generate_series(1, 2000000);\n",
    "INSERT INTO temp (name) SELECT 'paul' FROM generate_series(1, 2000000);\n",
    "```\n",
    "\n",
    "```SQL\n",
    "SELECT name, count(*) FROM temp GROUP BY 1;\n",
    "```\n",
    "\n",
    "### Sequential Scan\n",
    "- Cost 비용은 43455.43\n",
    "- 이 비용은 GPU 또는 CPU 자원 소모를 의미 함. \n",
    "\n",
    "```SQL\n",
    "EXPLAIN SELECT * FROM temp WHERE id = 432332;\n",
    "                              QUERY PLAN                               \n",
    "-----------------------------------------------------------------------\n",
    " Gather  (cost=1000.00..43455.43 rows=1 width=9)\n",
    "   Workers Planned: 2\n",
    "   ->  Parallel Seq Scan on temp  (cost=0.00..42455.33 rows=1 width=9)\n",
    "         Filter: (id = 432332)\n",
    "(4 rows)\n",
    "```\n",
    "\n",
    "### Simple Index\n",
    "- index를 생성하여 탐색을 진행한다. \n",
    "\n",
    "```SQL\n",
    "postgres=# CREATE INDEX idx_id ON temp (id);\n",
    "CREATE INDEX\n",
    "```\n",
    "\n",
    "- 시간 측정하는 명령어를 입력한다. \n",
    "\n",
    "```SQL\n",
    "postgres=# \\timing\n",
    "Timing is on.\n",
    "postgres=# SELECT * FROM temp WHERE id = 43242;\n",
    "  id   | name \n",
    "-------+------\n",
    " 43242 | hans\n",
    "(1 row)\n",
    "\n",
    "Time: 1.216 ms\n",
    "```\n",
    "\n",
    "- 그러나 index를 사용하는 것은 공짜가 아니다. \n",
    "\n",
    "```SQL\n",
    "postgres=# \\di+\n",
    "                                             List of relations\n",
    " Schema |        Name         | Type  |  Owner   |     Table      | Persistence |    Size    | Description \n",
    "--------+---------------------+-------+----------+----------------+-------------+------------+-------------\n",
    " public | actors_pkey         | index | postgres | actors         | permanent   | 16 kB      | \n",
    " .\n",
    " .\n",
    " public | idx_id              | index | postgres | temp           | permanent   | 86 MB \n",
    "```\n",
    "\n",
    "### index scan \n",
    "\n",
    "```SQL\n",
    "postgres=# EXPLAIN SELECT * FROM temp ORDER BY id DESC LIMIT 10;\n",
    "                                         QUERY PLAN                                          \n",
    "---------------------------------------------------------------------------------------------\n",
    " Limit  (cost=0.43..0.74 rows=10 width=9)\n",
    "   ->  Index Scan Backward using idx_id on temp  (cost=0.43..125505.43 rows=4000000 width=9)\n",
    "(2 rows)\n",
    "```\n",
    "\n",
    "### bitmap Scans\n",
    "- 이번에는 다음 코드를 확인한다. \n",
    "- 비트맵 탐색은 인덱스에서 조회한 내용을 잠시 비트맵에 저장한 후 비트맵에 저장된 내용을 기반으로 테이블에서 원하는 결과를 가져오는 작업. \n",
    "\n",
    "```SQL\n",
    "postgres=# Explain SELECT * FROM temp WHERE id = 30 OR id = 50;\n",
    "                                QUERY PLAN                                 \n",
    "---------------------------------------------------------------------------\n",
    " Bitmap Heap Scan on temp  (cost=8.88..16.85 rows=2 width=9)\n",
    "   Recheck Cond: ((id = 30) OR (id = 50))\n",
    "   ->  BitmapOr  (cost=8.88..8.88 rows=2 width=0)\n",
    "         ->  Bitmap Index Scan on idx_id  (cost=0.00..4.44 rows=1 width=0)\n",
    "               Index Cond: (id = 30)\n",
    "         ->  Bitmap Index Scan on idx_id  (cost=0.00..4.44 rows=1 width=0)\n",
    "               Index Cond: (id = 50)\n",
    "(7 rows)\n",
    "\n",
    "Time: 2.790 ms\n",
    "```"
   ]
  }
 ],
 "metadata": {
  "kernelspec": {
   "display_name": "Python 3",
   "language": "python",
   "name": "python3"
  },
  "language_info": {
   "codemirror_mode": {
    "name": "ipython",
    "version": 3
   },
   "file_extension": ".py",
   "mimetype": "text/x-python",
   "name": "python",
   "nbconvert_exporter": "python",
   "pygments_lexer": "ipython3",
   "version": "3.8.7"
  }
 },
 "nbformat": 4,
 "nbformat_minor": 4
}
